0 info it worked if it ends with ok
1 verbose cli [ '/usr/local/bin/node',
1 verbose cli   '/usr/local/bin/npm',
1 verbose cli   'run',
1 verbose cli   'start:dev' ]
2 info using npm@4.0.5
3 info using node@v7.4.0
4 verbose run-script [ 'prestart:dev', 'start:dev', 'poststart:dev' ]
5 info lifecycle html_starter_webpack_pug@1.0.0~prestart:dev: html_starter_webpack_pug@1.0.0
6 silly lifecycle html_starter_webpack_pug@1.0.0~prestart:dev: no script for prestart:dev, continuing
7 info lifecycle html_starter_webpack_pug@1.0.0~start:dev: html_starter_webpack_pug@1.0.0
8 verbose lifecycle html_starter_webpack_pug@1.0.0~start:dev: unsafe-perm in lifecycle true
9 verbose lifecycle html_starter_webpack_pug@1.0.0~start:dev: PATH: /usr/local/lib/node_modules/npm/bin/node-gyp-bin:/Users/lemehovskiy/PhpstormProjects/lemehovskiy.github.io/node_modules/.bin:/Users/lemehovskiy/.rbenv/shims:/usr/local/bin:/usr/bin:/bin:/usr/sbin:/sbin:/opt/X11/bin:/usr/local/git/bin:/Users/lemehovskiy/.rvm/bin
10 verbose lifecycle html_starter_webpack_pug@1.0.0~start:dev: CWD: /Users/lemehovskiy/PhpstormProjects/lemehovskiy.github.io
11 silly lifecycle html_starter_webpack_pug@1.0.0~start:dev: Args: [ '-c', 'webpack-dev-server' ]
12 silly lifecycle html_starter_webpack_pug@1.0.0~start:dev: Returned: code: 1  signal: null
13 info lifecycle html_starter_webpack_pug@1.0.0~start:dev: Failed to exec start:dev script
14 verbose stack Error: html_starter_webpack_pug@1.0.0 start:dev: `webpack-dev-server`
14 verbose stack Exit status 1
14 verbose stack     at EventEmitter.<anonymous> (/usr/local/lib/node_modules/npm/lib/utils/lifecycle.js:279:16)
14 verbose stack     at emitTwo (events.js:106:13)
14 verbose stack     at EventEmitter.emit (events.js:191:7)
14 verbose stack     at ChildProcess.<anonymous> (/usr/local/lib/node_modules/npm/lib/utils/spawn.js:40:14)
14 verbose stack     at emitTwo (events.js:106:13)
14 verbose stack     at ChildProcess.emit (events.js:191:7)
14 verbose stack     at maybeClose (internal/child_process.js:885:16)
14 verbose stack     at Process.ChildProcess._handle.onexit (internal/child_process.js:226:5)
15 verbose pkgid html_starter_webpack_pug@1.0.0
16 verbose cwd /Users/lemehovskiy/PhpstormProjects/lemehovskiy.github.io
17 error Darwin 16.0.0
18 error argv "/usr/local/bin/node" "/usr/local/bin/npm" "run" "start:dev"
19 error node v7.4.0
20 error npm  v4.0.5
21 error code ELIFECYCLE
22 error html_starter_webpack_pug@1.0.0 start:dev: `webpack-dev-server`
22 error Exit status 1
23 error Failed at the html_starter_webpack_pug@1.0.0 start:dev script 'webpack-dev-server'.
23 error Make sure you have the latest version of node.js and npm installed.
23 error If you do, this is most likely a problem with the html_starter_webpack_pug package,
23 error not with npm itself.
23 error Tell the author that this fails on your system:
23 error     webpack-dev-server
23 error You can get information on how to open an issue for this project with:
23 error     npm bugs html_starter_webpack_pug
23 error Or if that isn't available, you can get their info via:
23 error     npm owner ls html_starter_webpack_pug
23 error There is likely additional logging output above.
24 verbose exit [ 1, true ]
